<?xml version="1.0" encoding="UTF-8"?>
<!-- Generated by org.testng.reporters.JUnitXMLReporter -->
<testsuite hostname="Phantom" ignored="0" name="Default test" tests="3" failures="0" timestamp="13 Jul 2021 01:52:15 GMT" time="0.082" errors="0">
  <testcase name="TestCase_1" time="0.007" classname="automation.testSuite"/>
  <testcase name="TestCase_2" time="0.003" classname="automation.testSuite"/>
  <testcase name="TestCase_3" time="0.008" classname="automation.testSuite"/>
</testsuite> <!-- Default test -->
